[12-Aug-2025 16:10:23 UTC] TEMPLATE_USED: C:\wamp64\www\wp_real_estate/wp-content/themes/rep-dark/front-page.php
[12-Aug-2025 16:16:30 UTC] TEMPLATE_USED: C:\wamp64\www\wp_real_estate/wp-content/themes/rep-dark/front-page.php
[13-Aug-2025 00:29:40 UTC] TEMPLATE_USED: C:\wamp64\www\wp_real_estate/wp-content/themes/rep-dark/front-page.php
[13-Aug-2025 00:29:41 UTC] Automatic updates starting...
[13-Aug-2025 00:29:43 UTC]   Automatic plugin updates starting...
[13-Aug-2025 00:29:43 UTC]   Automatic plugin updates complete.
[13-Aug-2025 00:29:44 UTC] Automatic updates complete.
[13-Aug-2025 00:39:09 UTC] TEMPLATE_USED: C:\wamp64\www\wp_real_estate/wp-content/themes/rep-dark/front-page.php
[13-Aug-2025 00:47:25 UTC] TEMPLATE_USED: C:\wamp64\www\wp_real_estate/wp-content/themes/rep-dark/front-page.php
[13-Aug-2025 00:49:47 UTC] TEMPLATE_USED: C:\wamp64\www\wp_real_estate/wp-content/themes/rep-dark/front-page.php
[13-Aug-2025 00:49:47 UTC] PHP Parse error:  syntax error, unexpected end of file in C:\wamp64\www\wp_real_estate\wp-content\themes\rep-dark\front-page.php on line 224
[13-Aug-2025 00:50:01 UTC] TEMPLATE_USED: C:\wamp64\www\wp_real_estate/wp-content/themes/rep-dark/front-page.php
[13-Aug-2025 00:53:40 UTC] TEMPLATE_USED: C:\wamp64\www\wp_real_estate/wp-content/themes/rep-dark/front-page.php
[13-Aug-2025 00:54:10 UTC] TEMPLATE_USED: C:\wamp64\www\wp_real_estate/wp-content/themes/rep-dark/front-page.php
[13-Aug-2025 00:54:15 UTC] TEMPLATE_USED: C:\wamp64\www\wp_real_estate/wp-content/themes/rep-dark/front-page.php
[13-Aug-2025 00:56:31 UTC] TEMPLATE_USED: C:\wamp64\www\wp_real_estate/wp-content/themes/rep-dark/front-page.php
[13-Aug-2025 00:56:51 UTC] TEMPLATE_USED: C:\wamp64\www\wp_real_estate/wp-content/themes/rep-dark/front-page.php
[13-Aug-2025 00:56:53 UTC] TEMPLATE_USED: C:\wamp64\www\wp_real_estate/wp-content/themes/rep-dark/front-page.php
[13-Aug-2025 00:57:18 UTC] TEMPLATE_USED: C:\wamp64\www\wp_real_estate/wp-content/themes/rep-dark/front-page.php
[13-Aug-2025 00:58:02 UTC] TEMPLATE_USED: C:\wamp64\www\wp_real_estate/wp-content/themes/rep-dark/front-page.php
[13-Aug-2025 00:58:59 UTC] TEMPLATE_USED: C:\wamp64\www\wp_real_estate/wp-content/themes/rep-dark/front-page.php
[13-Aug-2025 01:01:35 UTC] TEMPLATE_USED: C:\wamp64\www\wp_real_estate/wp-content/themes/rep-dark/front-page.php
[13-Aug-2025 01:02:35 UTC] TEMPLATE_USED: C:\wamp64\www\wp_real_estate/wp-content/themes/rep-dark/front-page.php
[13-Aug-2025 01:02:49 UTC] TEMPLATE_USED: C:\wamp64\www\wp_real_estate/wp-content/themes/rep-dark/front-page.php
[13-Aug-2025 01:05:47 UTC] TEMPLATE_USED: C:\wamp64\www\wp_real_estate/wp-content/themes/rep-dark/front-page.php
[13-Aug-2025 01:09:12 UTC] TEMPLATE_USED: C:\wamp64\www\wp_real_estate/wp-content/themes/rep-dark/front-page.php
[13-Aug-2025 01:16:10 UTC] TEMPLATE_USED: C:\wamp64\www\wp_real_estate/wp-content/themes/rep-dark/front-page.php
